>>Sending TnP16_DYJetsToLL_13TeV-amcatnloFXFX-pythia8_0
3074139.ntugrid5.phys.ntu.edu.tw
>>Sending TnP16_DYJetsToLL_13TeV-amcatnloFXFX-pythia8_1
3074140.ntugrid5.phys.ntu.edu.tw
>>Sending TnP16_DYJetsToLL_13TeV-amcatnloFXFX-pythia8_2
3074141.ntugrid5.phys.ntu.edu.tw
>>Sending TnP16_DYJetsToLL_13TeV-madgraphMLM-pythia8_0
3074142.ntugrid5.phys.ntu.edu.tw
>>Sending TnP16_DYJetsToLL_13TeV-madgraphMLM-pythia8_1
3074143.ntugrid5.phys.ntu.edu.tw
>>Sending TnP16_DYJetsToLL_13TeV-madgraphMLM-pythia8_2
3074144.ntugrid5.phys.ntu.edu.tw
>>Sending TnP16_SingleElectron_Run2016B_ver2_0
3074145.ntugrid5.phys.ntu.edu.tw
>>Sending TnP16_SingleElectron_Run2016B_ver2_1
3074146.ntugrid5.phys.ntu.edu.tw
>>Sending TnP16_SingleElectron_Run2016B_ver2_2
3074147.ntugrid5.phys.ntu.edu.tw
>>Sending TnP16_SingleElectron_Run2016B_ver2_3
3074148.ntugrid5.phys.ntu.edu.tw
>>Sending TnP16_SingleElectron_Run2016C_v1_0
3074149.ntugrid5.phys.ntu.edu.tw
Queue is full, halt for 5 minutes...
Queue is full, halt for 5 minutes...
Queue is full, halt for 5 minutes...
Queue is full, halt for 5 minutes...
Queue is full, halt for 5 minutes...
Queue is full, halt for 5 minutes...
Queue is full, halt for 5 minutes...
Queue is full, halt for 5 minutes...
Queue is full, halt for 5 minutes...
Queue is full, halt for 5 minutes...
Queue is full, halt for 5 minutes...
Queue is full, halt for 5 minutes...
Queue is full, halt for 5 minutes...
Queue is full, halt for 5 minutes...
Queue is full, halt for 5 minutes...
Queue is full, halt for 5 minutes...
Queue is full, halt for 5 minutes...
Queue is full, halt for 5 minutes...
Queue is full, halt for 5 minutes...
Queue is full, halt for 5 minutes...
Queue is full, halt for 5 minutes...
Queue is full, halt for 5 minutes...
Queue is full, halt for 5 minutes...
Queue is full, halt for 5 minutes...
Queue is full, halt for 5 minutes...
Queue is full, halt for 5 minutes...
Queue is full, halt for 5 minutes...
Queue is full, halt for 5 minutes...
Queue is full, halt for 5 minutes...
Queue is full, halt for 5 minutes...
Queue is full, halt for 5 minutes...
Queue is full, halt for 5 minutes...
Queue is full, halt for 5 minutes...
Queue is full, halt for 5 minutes...
Queue is full, halt for 5 minutes...
Queue is full, halt for 5 minutes...
Queue is full, halt for 5 minutes...
Queue is full, halt for 5 minutes...
Queue is full, halt for 5 minutes...
Queue is full, halt for 5 minutes...
Queue is full, halt for 5 minutes...
Queue is full, halt for 5 minutes...
Queue is full, halt for 5 minutes...
Queue is full, halt for 5 minutes...
Queue is full, halt for 5 minutes...
Queue is full, halt for 5 minutes...
Queue is full, halt for 5 minutes...
Queue is full, halt for 5 minutes...
Queue is full, halt for 5 minutes...
Queue is full, halt for 5 minutes...
Queue is full, halt for 5 minutes...
Queue is full, halt for 5 minutes...
>>Sending TnP16_SingleElectron_Run2016D_v1_0
3074678.ntugrid5.phys.ntu.edu.tw
Queue is full, halt for 5 minutes...
Queue is full, halt for 5 minutes...
>>Sending TnP16_SingleElectron_Run2016D_v1_1
3074710.ntugrid5.phys.ntu.edu.tw
Queue is full, halt for 5 minutes...
>>Sending TnP16_SingleElectron_Run2016D_v1_2
3074711.ntugrid5.phys.ntu.edu.tw
>>Sending TnP16_SingleElectron_Run2016E_v1_0
3074712.ntugrid5.phys.ntu.edu.tw
>>Sending TnP16_SingleElectron_Run2016E_v1_1
3074713.ntugrid5.phys.ntu.edu.tw
>>Sending TnP16_SingleElectron_Run2016F_v1_0
3074714.ntugrid5.phys.ntu.edu.tw
>>Sending TnP16_SingleElectron_Run2016F_v1_1
3074715.ntugrid5.phys.ntu.edu.tw
>>Sending TnP16_SingleElectron_Run2016G_v1_0
3074716.ntugrid5.phys.ntu.edu.tw
Queue is full, halt for 5 minutes...
>>Sending TnP16_SingleElectron_Run2016G_v1_1
3074717.ntugrid5.phys.ntu.edu.tw
>>Sending TnP16_SingleElectron_Run2016G_v1_2
3074718.ntugrid5.phys.ntu.edu.tw
>>Sending TnP16_SingleElectron_Run2016G_v1_3
3074719.ntugrid5.phys.ntu.edu.tw
>>Sending TnP16_SingleElectron_Run2016H_v1_0
3074720.ntugrid5.phys.ntu.edu.tw
>>Sending TnP16_SingleElectron_Run2016H_v1_1
3074721.ntugrid5.phys.ntu.edu.tw
>>Sending TnP16_SingleElectron_Run2016H_v1_2
3074722.ntugrid5.phys.ntu.edu.tw
Queue is full, halt for 5 minutes...
>>Sending TnP16_SingleElectron_Run2016H_v1_3
3074724.ntugrid5.phys.ntu.edu.tw
>>Sending TnP17_DYJetsToLL_13TeV-amcatnloFXFX-pythia8_0
3074725.ntugrid5.phys.ntu.edu.tw
Queue is full, halt for 5 minutes...
>>Sending TnP17_DYJetsToLL_13TeV-amcatnloFXFX-pythia8_1
3074726.ntugrid5.phys.ntu.edu.tw
>>Sending TnP17_DYJetsToLL_13TeV-amcatnloFXFX-pythia8_2
3074727.ntugrid5.phys.ntu.edu.tw
>>Sending TnP17_DYJetsToLL_13TeV-amcatnloFXFX-pythia8_3
3074728.ntugrid5.phys.ntu.edu.tw
Queue is full, halt for 5 minutes...
>>Sending TnP17_DYJetsToLL_13TeV-amcatnloFXFX-pythia8_4
3074730.ntugrid5.phys.ntu.edu.tw
>>Sending TnP17_DYJetsToLL_13TeV-amcatnloFXFX-pythia8_5
3074731.ntugrid5.phys.ntu.edu.tw
Queue is full, halt for 5 minutes...
>>Sending TnP17_DYJetsToLL_13TeV-amcatnloFXFX-pythia8_6
3074733.ntugrid5.phys.ntu.edu.tw
>>Sending TnP17_DYJetsToLL_13TeV-madgraphMLM-pythia8_0
3074734.ntugrid5.phys.ntu.edu.tw
>>Sending TnP17_DYJetsToLL_13TeV-madgraphMLM-pythia8_1
3074735.ntugrid5.phys.ntu.edu.tw
Queue is full, halt for 5 minutes...
>>Sending TnP17_DYJetsToLL_13TeV-madgraphMLM-pythia8_2
3074736.ntugrid5.phys.ntu.edu.tw
>>Sending TnP17_SingleElectron_Run2017B_v1_0
3074737.ntugrid5.phys.ntu.edu.tw
>>Sending TnP17_SingleElectron_Run2017B_v1_1
3074738.ntugrid5.phys.ntu.edu.tw
>>Sending TnP17_SingleElectron_Run2017C_v1_0
3074739.ntugrid5.phys.ntu.edu.tw
>>Sending TnP17_SingleElectron_Run2017C_v1_1
3074740.ntugrid5.phys.ntu.edu.tw
Queue is full, halt for 5 minutes...
>>Sending TnP17_SingleElectron_Run2017C_v1_2
3074742.ntugrid5.phys.ntu.edu.tw
>>Sending TnP17_SingleElectron_Run2017C_v1_3
3074744.ntugrid5.phys.ntu.edu.tw
Queue is full, halt for 5 minutes...
>>Sending TnP17_SingleElectron_Run2017D_v1_0
3074753.ntugrid5.phys.ntu.edu.tw
>>Sending TnP17_SingleElectron_Run2017D_v1_1
3074754.ntugrid5.phys.ntu.edu.tw
>>Sending TnP17_SingleElectron_Run2017E_v1_0
3074755.ntugrid5.phys.ntu.edu.tw
>>Sending TnP17_SingleElectron_Run2017E_v1_1
3074756.ntugrid5.phys.ntu.edu.tw
>>Sending TnP17_SingleElectron_Run2017E_v1_2
3074757.ntugrid5.phys.ntu.edu.tw
Queue is full, halt for 5 minutes...
Queue is full, halt for 5 minutes...
>>Sending TnP17_SingleElectron_Run2017E_v1_3
3074799.ntugrid5.phys.ntu.edu.tw
>>Sending TnP17_SingleElectron_Run2017F_v1_0
3074800.ntugrid5.phys.ntu.edu.tw
Queue is full, halt for 5 minutes...
>>Sending TnP17_SingleElectron_Run2017F_v1_1
3074801.ntugrid5.phys.ntu.edu.tw
>>Sending TnP17_SingleElectron_Run2017F_v1_2
3074802.ntugrid5.phys.ntu.edu.tw
>>Sending TnP17_SingleElectron_Run2017F_v1_3
3074803.ntugrid5.phys.ntu.edu.tw
>>Sending TnP17_SingleElectron_Run2017F_v1_4
3074804.ntugrid5.phys.ntu.edu.tw
>>Sending TnP18_DYJetsToLL_13TeV-amcatnloFXFX-pythia8_0
3074805.ntugrid5.phys.ntu.edu.tw
Queue is full, halt for 5 minutes...
>>Sending TnP18_DYJetsToLL_13TeV-amcatnloFXFX-pythia8_1
3074806.ntugrid5.phys.ntu.edu.tw
>>Sending TnP18_DYJetsToLL_13TeV-amcatnloFXFX-pythia8_2
3074807.ntugrid5.phys.ntu.edu.tw
>>Sending TnP18_DYJetsToLL_13TeV-amcatnloFXFX-pythia8_3
3074808.ntugrid5.phys.ntu.edu.tw
>>Sending TnP18_DYJetsToLL_13TeV-amcatnloFXFX-pythia8_4
3074809.ntugrid5.phys.ntu.edu.tw
>>Sending TnP18_DYJetsToLL_13TeV-amcatnloFXFX-pythia8_5
3074810.ntugrid5.phys.ntu.edu.tw
>>Sending TnP18_DYJetsToLL_13TeV-amcatnloFXFX-pythia8_6
3074811.ntugrid5.phys.ntu.edu.tw
Queue is full, halt for 5 minutes...
Queue is full, halt for 5 minutes...
Queue is full, halt for 5 minutes...
Queue is full, halt for 5 minutes...
>>Sending TnP18_DYJetsToLL_13TeV-amcatnloFXFX-pythia8_7
3074827.ntugrid5.phys.ntu.edu.tw
>>Sending TnP18_DYJetsToLL_13TeV-amcatnloFXFX-pythia8_8
3074829.ntugrid5.phys.ntu.edu.tw
>>Sending TnP18_DYJetsToLL_13TeV-amcatnloFXFX-pythia8_9
3074830.ntugrid5.phys.ntu.edu.tw
Queue is full, halt for 5 minutes...
>>Sending TnP18_DYJetsToLL_13TeV-madgraphMLM-pythia8_0
3074832.ntugrid5.phys.ntu.edu.tw
>>Sending TnP18_DYJetsToLL_13TeV-madgraphMLM-pythia8_1
3074833.ntugrid5.phys.ntu.edu.tw
>>Sending TnP18_DYJetsToLL_13TeV-madgraphMLM-pythia8_2
3074834.ntugrid5.phys.ntu.edu.tw
>>Sending TnP18_DYJetsToLL_13TeV-madgraphMLM-pythia8_3
3074835.ntugrid5.phys.ntu.edu.tw
>>Sending TnP18_DYJetsToLL_13TeV-madgraphMLM-pythia8_4
3074836.ntugrid5.phys.ntu.edu.tw
>>Sending TnP18_EGamma_Run2018A_v2_0
3074837.ntugrid5.phys.ntu.edu.tw
>>Sending TnP18_EGamma_Run2018A_v2_1
3074838.ntugrid5.phys.ntu.edu.tw
Queue is full, halt for 5 minutes...
>>Sending TnP18_EGamma_Run2018A_v2_2
3074840.ntugrid5.phys.ntu.edu.tw
Queue is full, halt for 5 minutes...
>>Sending TnP18_EGamma_Run2018A_v2_3
3074845.ntugrid5.phys.ntu.edu.tw
>>Sending TnP18_EGamma_Run2018A_v2_4
3074846.ntugrid5.phys.ntu.edu.tw
Queue is full, halt for 5 minutes...
>>Sending TnP18_EGamma_Run2018B_v1_0
3074890.ntugrid5.phys.ntu.edu.tw
>>Sending TnP18_EGamma_Run2018B_v1_1
3074891.ntugrid5.phys.ntu.edu.tw
>>Sending TnP18_EGamma_Run2018C_v1_0
3074892.ntugrid5.phys.ntu.edu.tw
Queue is full, halt for 5 minutes...
>>Sending TnP18_EGamma_Run2018C_v1_1
3074894.ntugrid5.phys.ntu.edu.tw
>>Sending TnP18_EGamma_Run2018D_v2_0
3074895.ntugrid5.phys.ntu.edu.tw
>>Sending TnP18_EGamma_Run2018D_v2_1
3074896.ntugrid5.phys.ntu.edu.tw
>>Sending TnP18_EGamma_Run2018D_v2_2
3074897.ntugrid5.phys.ntu.edu.tw
Queue is full, halt for 5 minutes...
>>Sending TnP18_EGamma_Run2018D_v2_3
3074899.ntugrid5.phys.ntu.edu.tw
Queue is full, halt for 5 minutes...
Queue is full, halt for 5 minutes...
Queue is full, halt for 5 minutes...
>>Sending TnP18_EGamma_Run2018D_v2_4
3074910.ntugrid5.phys.ntu.edu.tw
>>Sending TnP18_EGamma_Run2018D_v2_5
3074911.ntugrid5.phys.ntu.edu.tw
Queue is full, halt for 5 minutes...
>>Sending TnP18_EGamma_Run2018D_v2_6
3074917.ntugrid5.phys.ntu.edu.tw
>>Sending TnP18_EGamma_Run2018D_v2_7
3074918.ntugrid5.phys.ntu.edu.tw
Queue is full, halt for 5 minutes...
>>Sending TnP18_EGamma_Run2018D_v2_8
3074920.ntugrid5.phys.ntu.edu.tw
DONE
